SF:/home/marcello/github/matcha/src/core.ts
FN:7,clone
FN:23,isEqual
FN:40,first
FN:59,last
FN:79,isNotEqual
FN:96,isEqualIgnoreCase
FN:116,isNotEqualIgnoreCase
FN:135,stringify
FN:155,reverse
FN:183,isEmpty
FN:208,isNotEmpty
FN:221,unique
FN:234,distinct
FN:251,sample
FN:264,rand
FN:276,truthy
FN:288,falsy
FN:301,isSome
FN:314,isNone
FN:332,sum
FNDA:2,clone
FNDA:13,isEqual
FNDA:4,first
FNDA:4,last
FNDA:6,isNotEqual
FNDA:15,isEqualIgnoreCase
FNDA:7,isNotEqualIgnoreCase
FNDA:60,stringify
FNDA:3,reverse
FNDA:23,isEmpty
FNDA:9,isNotEmpty
FNDA:5,unique
FNDA:2,distinct
FNDA:2,sample
FNDA:102,rand
FNDA:16,truthy
FNDA:8,falsy
FNDA:7,isSome
FNDA:37,isNone
FNDA:6,sum
FNF:20
FNH:20
BRDA:136,8,0,24
BRDA:136,8,1,36
BRDA:158,9,0,1
BRDA:158,9,1,2
BRDA:159,9,2,1
BRDA:184,10,0,3
BRDA:184,10,1,20
BRDA:185,10,2,6
BRDA:185,10,3,14
BRDA:186,10,4,4
BRDA:186,10,5,10
BRDA:187,10,6,8
BRDA:187,10,7,6
BRDA:187,10,8,4
BRDA:188,10,9,0
BRDA:315,19,0,33
BRDA:333,20,0,1
BRDA:333,20,1,5
BRDA:334,20,2,3
BRDA:336,20,3,2
BRF:20
BRH:19
DA:1,1
DA:7,1
DA:8,3
DA:9,3
DA:23,1
DA:24,14
DA:25,14
DA:40,1
DA:41,1
DA:43,5
DA:44,5
DA:59,1
DA:60,1
DA:62,5
DA:63,5
DA:79,1
DA:80,7
DA:81,7
DA:96,1
DA:97,16
DA:98,16
DA:100,16
DA:101,16
DA:116,1
DA:117,1
DA:118,1
DA:120,8
DA:121,8
DA:135,1
DA:136,61
DA:137,61
DA:155,1
DA:156,1
DA:158,4
DA:159,14
DA:160,5
DA:161,4
DA:183,1
DA:184,24
DA:185,24
DA:186,24
DA:187,24
DA:188,28
DA:189,0
DA:190,24
DA:208,1
DA:209,10
DA:210,10
DA:221,1
DA:222,18
DA:223,6
DA:234,1
DA:235,3
DA:236,3
DA:251,1
DA:252,3
DA:253,3
DA:264,1
DA:265,103
DA:266,103
DA:276,1
DA:277,17
DA:278,17
DA:288,1
DA:289,9
DA:290,9
DA:301,1
DA:302,8
DA:303,8
DA:314,1
DA:315,38
DA:316,38
DA:332,1
DA:333,7
DA:334,7
DA:335,10
DA:336,10
DA:337,9
DA:339,9
DA:340,9
DA:342,7
LH:80
LF:81
end_of_record
SF:/home/marcello/github/matcha/src/dates.ts
FN:6,now
FN:13,today
FN:22,tomorrow
FN:31,yesterday
FN:38,addDays
FN:47,subtractDays
FN:54,addMonths
FN:70,subtractMonths
FN:77,addYears
FN:84,subtractYears
FN:91,daysBetween
FN:103,monthsBetween
FN:119,yearsBetween
FN:139,isSunday
FN:143,isMonday
FN:147,isTuesday
FN:151,isWednesday
FN:155,isThursday
FN:159,isFriday
FN:163,isSaturday
FN:167,isWeekend
FN:171,isWeekday
FN:178,isInPast
FN:189,isInFuture
FN:195,isToday
FNDA:6,now
FNDA:4,today
FNDA:1,tomorrow
FNDA:1,yesterday
FNDA:6,addDays
FNDA:3,subtractDays
FNDA:4,addMonths
FNDA:1,subtractMonths
FNDA:2,addYears
FNDA:1,subtractYears
FNDA:2,daysBetween
FNDA:1,monthsBetween
FNDA:2,yearsBetween
FNDA:5,isSunday
FNDA:1,isMonday
FNDA:1,isTuesday
FNDA:1,isWednesday
FNDA:1,isThursday
FNDA:1,isFriday
FNDA:7,isSaturday
FNDA:6,isWeekend
FNDA:3,isWeekday
FNDA:0,isInPast
FNDA:0,isInFuture
FNDA:0,isToday
FNF:25
FNH:22
BRDA:60,7,0,3
BRDA:123,13,0,0
BRDA:130,13,1,1
BRDA:131,13,2,0
BRDA:135,13,3,1
BRDA:168,21,0,4
BRF:6
BRH:4
DA:1,1
DA:6,1
DA:7,7
DA:8,7
DA:13,1
DA:14,5
DA:15,5
DA:16,5
DA:17,5
DA:22,1
DA:23,2
DA:24,2
DA:25,2
DA:26,2
DA:31,1
DA:32,2
DA:33,2
DA:38,1
DA:39,7
DA:40,7
DA:41,7
DA:42,7
DA:47,1
DA:48,4
DA:49,4
DA:54,1
DA:55,5
DA:56,5
DA:57,5
DA:59,5
DA:60,5
DA:61,8
DA:62,8
DA:64,5
DA:65,5
DA:70,1
DA:71,2
DA:72,2
DA:77,1
DA:78,3
DA:79,3
DA:84,1
DA:85,2
DA:86,2
DA:91,1
DA:92,3
DA:93,3
DA:94,3
DA:95,3
DA:98,3
DA:103,1
DA:104,2
DA:105,2
DA:106,2
DA:107,2
DA:108,2
DA:109,2
DA:119,1
DA:120,3
DA:121,3
DA:122,3
DA:123,0
DA:124,0
DA:125,0
DA:127,3
DA:128,3
DA:129,3
DA:130,3
DA:131,0
DA:132,0
DA:133,0
DA:134,4
DA:135,4
DA:136,4
DA:137,3
DA:139,1
DA:140,6
DA:141,6
DA:143,1
DA:144,2
DA:145,2
DA:147,1
DA:148,2
DA:149,2
DA:151,1
DA:152,2
DA:153,2
DA:155,1
DA:156,2
DA:157,2
DA:159,1
DA:160,2
DA:161,2
DA:163,1
DA:164,8
DA:165,8
DA:167,1
DA:168,7
DA:169,7
DA:171,1
DA:172,4
DA:173,4
DA:178,0
DA:179,0
DA:180,0
DA:189,0
DA:190,0
DA:191,0
DA:195,0
DA:196,0
DA:197,0
LH:96
LF:111
end_of_record
SF:/home/marcello/github/matcha/src/duration.ts
FN:1,<instance_members_initializer>
FN:2,Duration
FN:7,fromMilliseconds
FN:14,fromSeconds
FN:21,fromMinutes
FN:28,fromHours
FN:35,fromDays
FN:42,fromWeeks
FN:49,fromYears
FN:56,toMilliseconds
FN:63,toSeconds
FN:70,toMinutes
FN:77,toHours
FN:84,toDays
FN:91,toWeeks
FN:98,toYears
FNDA:9,<instance_members_initializer>
FNDA:9,Duration
FNDA:1,fromMilliseconds
FNDA:1,fromSeconds
FNDA:1,fromMinutes
FNDA:1,fromHours
FNDA:3,fromDays
FNDA:1,fromWeeks
FNDA:1,fromYears
FNDA:8,toMilliseconds
FNDA:6,toSeconds
FNDA:6,toMinutes
FNDA:6,toHours
FNDA:6,toDays
FNDA:4,toWeeks
FNDA:4,toYears
FNF:16
FNH:16
BRF:0
BRH:0
DA:1,2
DA:2,24
DA:7,2
DA:8,3
DA:9,3
DA:14,2
DA:15,3
DA:16,3
DA:21,2
DA:22,3
DA:23,3
DA:28,2
DA:29,3
DA:30,3
DA:35,2
DA:36,5
DA:37,5
DA:42,2
DA:43,3
DA:44,3
DA:49,2
DA:50,3
DA:51,3
DA:56,2
DA:57,10
DA:58,10
DA:63,2
DA:64,8
DA:65,8
DA:70,2
DA:71,8
DA:72,8
DA:77,2
DA:78,8
DA:79,8
DA:84,2
DA:85,8
DA:86,8
DA:91,2
DA:92,6
DA:93,6
DA:98,2
DA:99,6
DA:100,6
DA:101,2
LH:45
LF:45
end_of_record
SF:/home/marcello/github/matcha/src/numbers.ts
FN:17,isEven
FN:37,isOdd
FN:57,ordinalize
FNDA:16,isEven
FNDA:8,isOdd
FNDA:7,ordinalize
FNF:3
FNH:3
BRDA:18,1,0,2
BRDA:62,3,0,3
BRDA:62,3,1,2
BRDA:62,3,2,5
BRDA:65,3,3,2
BRDA:67,3,4,1
BRDA:69,3,5,1
BRDA:71,3,6,1
BRF:8
BRH:8
DA:17,1
DA:18,17
DA:19,17
DA:37,1
DA:38,9
DA:39,9
DA:57,1
DA:58,8
DA:60,8
DA:62,8
DA:64,13
DA:65,8
DA:66,10
DA:67,8
DA:68,9
DA:69,8
DA:70,9
DA:71,8
DA:72,9
DA:73,8
DA:74,8
LH:21
LF:21
end_of_record
SF:/home/marcello/github/matcha/src/strings.ts
FN:13,isWhitespace
FN:28,isNotWhitespace
FN:44,trim
FN:63,title
FN:82,lower
FN:97,upper
FN:113,kebab
FN:129,snake
FN:145,onlyAlpha
FN:161,onlyAlphanumeric
FN:175,onlyNumeric
FN:179,removePunctuation
FNDA:14,isWhitespace
FNDA:4,isNotWhitespace
FNDA:24,trim
FNDA:4,title
FNDA:45,lower
FNDA:11,upper
FNDA:7,kebab
FNDA:3,snake
FNDA:3,onlyAlpha
FNDA:3,onlyAlphanumeric
FNDA:3,onlyNumeric
FNDA:7,removePunctuation
FNF:12
FNH:12
BRDA:45,3,0,3
BRDA:83,6,0,1
BRDA:98,7,0,1
BRDA:146,10,0,1
BRDA:162,11,0,1
BRDA:176,12,0,1
BRF:6
BRH:6
DA:13,2
DA:14,16
DA:15,16
DA:28,2
DA:29,6
DA:30,6
DA:44,2
DA:45,26
DA:46,26
DA:63,2
DA:64,6
DA:65,6
DA:66,6
DA:67,6
DA:68,6
DA:69,6
DA:82,2
DA:83,47
DA:84,47
DA:97,2
DA:98,13
DA:99,13
DA:113,2
DA:114,9
DA:115,9
DA:129,2
DA:130,5
DA:131,5
DA:145,2
DA:146,5
DA:147,5
DA:161,2
DA:162,5
DA:163,5
DA:175,2
DA:176,5
DA:177,5
DA:179,9
DA:180,9
DA:181,9
DA:182,9
DA:183,9
DA:184,9
DA:185,9
LH:44
LF:44
end_of_record
